<?xml version="1.0" encoding="UTF-8"?>
<!-- Generated by org.testng.reporters.JUnitXMLReporter -->
<testsuite ignored="0" hostname="Sireena-PC" failures="0" tests="10" name="Default test" time="5.394" errors="0" timestamp="2024-06-02T14:46:10 EET">
  <testcase classname="MyTestcases" name="VerifyTheTitleIsGoogle" time="1.371"/>
  <testcase classname="MyTestcases" name="VerifyTheTitleIsGoogle" time="0.55"/>
  <testcase classname="MyTestcases" name="VerifyTheTitleIsGoogle" time="0.417"/>
  <testcase classname="MyTestcases" name="VerifyTheTitleIsGoogle" time="0.516"/>
  <testcase classname="MyTestcases" name="VerifyTheTitleIsGoogle" time="0.496"/>
  <testcase classname="MyTestcases" name="VerifyTheTitleIsGoogle" time="0.387"/>
  <testcase classname="MyTestcases" name="VerifyTheTitleIsGoogle" time="0.416"/>
  <testcase classname="MyTestcases" name="VerifyTheTitleIsGoogle" time="0.407"/>
  <testcase classname="MyTestcases" name="VerifyTheTitleIsGoogle" time="0.39"/>
  <testcase classname="MyTestcases" name="VerifyTheTitleIsGoogle" time="0.403"/>
</testsuite> <!-- Default test -->
