<?xml version="1.0" encoding="UTF-8"?>
<testng-results ignored="0" total="10" passed="10" failed="0" skipped="0">
  <reporter-output>
  </reporter-output>
  <suite started-at="2024-06-02T14:46:05 EET" name="Default suite" finished-at="2024-06-02T14:46:10 EET" duration-ms="5394">
    <groups>
    </groups>
    <test started-at="2024-06-02T14:46:05 EET" name="Default test" finished-at="2024-06-02T14:46:10 EET" duration-ms="5394">
      <class name="MyTestcases">
        <test-method signature="VerifyTheTitleIsGoogle()[pri:0, instance:MyTestcases@13d73fa]" started-at="2024-06-02T14:46:05 EET" name="VerifyTheTitleIsGoogle" description="wall jaeen n3mal test" finished-at="2024-06-02T14:46:06 EET" duration-ms="1371" status="PASS">
          <reporter-output>
          </reporter-output>
        </test-method> <!-- VerifyTheTitleIsGoogle -->
        <test-method signature="VerifyTheTitleIsGoogle()[pri:0, instance:MyTestcases@13d73fa]" started-at="2024-06-02T14:46:06 EET" name="VerifyTheTitleIsGoogle" description="wall jaeen n3mal test" finished-at="2024-06-02T14:46:07 EET" duration-ms="550" status="PASS">
          <reporter-output>
          </reporter-output>
        </test-method> <!-- VerifyTheTitleIsGoogle -->
        <test-method signature="VerifyTheTitleIsGoogle()[pri:0, instance:MyTestcases@13d73fa]" started-at="2024-06-02T14:46:07 EET" name="VerifyTheTitleIsGoogle" description="wall jaeen n3mal test" finished-at="2024-06-02T14:46:07 EET" duration-ms="417" status="PASS">
          <reporter-output>
          </reporter-output>
        </test-method> <!-- VerifyTheTitleIsGoogle -->
        <test-method signature="VerifyTheTitleIsGoogle()[pri:0, instance:MyTestcases@13d73fa]" started-at="2024-06-02T14:46:07 EET" name="VerifyTheTitleIsGoogle" description="wall jaeen n3mal test" finished-at="2024-06-02T14:46:08 EET" duration-ms="516" status="PASS">
          <reporter-output>
          </reporter-output>
        </test-method> <!-- VerifyTheTitleIsGoogle -->
        <test-method signature="VerifyTheTitleIsGoogle()[pri:0, instance:MyTestcases@13d73fa]" started-at="2024-06-02T14:46:08 EET" name="VerifyTheTitleIsGoogle" description="wall jaeen n3mal test" finished-at="2024-06-02T14:46:08 EET" duration-ms="496" status="PASS">
          <reporter-output>
          </reporter-output>
        </test-method> <!-- VerifyTheTitleIsGoogle -->
        <test-method signature="VerifyTheTitleIsGoogle()[pri:0, instance:MyTestcases@13d73fa]" started-at="2024-06-02T14:46:08 EET" name="VerifyTheTitleIsGoogle" description="wall jaeen n3mal test" finished-at="2024-06-02T14:46:09 EET" duration-ms="387" status="PASS">
          <reporter-output>
          </reporter-output>
        </test-method> <!-- VerifyTheTitleIsGoogle -->
        <test-method signature="VerifyTheTitleIsGoogle()[pri:0, instance:MyTestcases@13d73fa]" started-at="2024-06-02T14:46:09 EET" name="VerifyTheTitleIsGoogle" description="wall jaeen n3mal test" finished-at="2024-06-02T14:46:09 EET" duration-ms="416" status="PASS">
          <reporter-output>
          </reporter-output>
        </test-method> <!-- VerifyTheTitleIsGoogle -->
        <test-method signature="VerifyTheTitleIsGoogle()[pri:0, instance:MyTestcases@13d73fa]" started-at="2024-06-02T14:46:09 EET" name="VerifyTheTitleIsGoogle" description="wall jaeen n3mal test" finished-at="2024-06-02T14:46:09 EET" duration-ms="407" status="PASS">
          <reporter-output>
          </reporter-output>
        </test-method> <!-- VerifyTheTitleIsGoogle -->
        <test-method signature="VerifyTheTitleIsGoogle()[pri:0, instance:MyTestcases@13d73fa]" started-at="2024-06-02T14:46:09 EET" name="VerifyTheTitleIsGoogle" description="wall jaeen n3mal test" finished-at="2024-06-02T14:46:10 EET" duration-ms="390" status="PASS">
          <reporter-output>
          </reporter-output>
        </test-method> <!-- VerifyTheTitleIsGoogle -->
        <test-method signature="VerifyTheTitleIsGoogle()[pri:0, instance:MyTestcases@13d73fa]" started-at="2024-06-02T14:46:10 EET" name="VerifyTheTitleIsGoogle" description="wall jaeen n3mal test" finished-at="2024-06-02T14:46:10 EET" duration-ms="403" status="PASS">
          <reporter-output>
          </reporter-output>
        </test-method> <!-- VerifyTheTitleIsGoogle -->
      </class> <!-- MyTestcases -->
    </test> <!-- Default test -->
  </suite> <!-- Default suite -->
</testng-results>
